<?xml version="1.0" encoding="UTF-8"?>
<!-- Generated by org.testng.reporters.JUnitReportReporter -->
<testsuite hostname="admin-PC" name="com.nantian.automationtesting.test.ccb.domain.mainStart" tests="1" failures="0" timestamp="3 Aug 2017 02:35:23 GMT" time="43.380" errors="0">
  <testcase name="main" time="43.380" classname="com.nantian.automationtesting.test.ccb.domain.mainStart"/>
</testsuite> <!-- com.nantian.automationtesting.test.ccb.domain.mainStart -->
