<?xml version="1.0" encoding="UTF-8"?>
<!-- Generated by org.testng.reporters.JUnitReportReporter -->
<testsuite hostname="20190320-142839" name="com.haoyun.automationtesting.test.aadomain.AutoCase" tests="1" failures="0" timestamp="22 May 2019 07:50:22 GMT" time="1.436" errors="0">
  <testcase name="MainAutoCase" time="1.436" classname="com.haoyun.automationtesting.test.aadomain.AutoCase"/>
</testsuite> <!-- com.haoyun.automationtesting.test.aadomain.AutoCase -->
