<?xml version="1.0" encoding="UTF-8"?>
<!-- Generated by org.testng.reporters.JUnitReportReporter -->
<testsuite hostname="20190320-142839" name="com.haoyun.automationtesting.framework.action" tests="1" failures="0" timestamp="10 Apr 2020 09:36:22 GMT" time="0.009" errors="0">
  <testcase name="a111" time="0.009" classname="com.haoyun.automationtesting.framework.action"/>
</testsuite> <!-- com.haoyun.automationtesting.framework.action -->
