<?xml version="1.0" encoding="UTF-8"?>
<!-- Generated by org.testng.reporters.JUnitReportReporter -->
<testsuite hostname="20190320-142839" name="com.haoyun.automationtesting.test.aadomain.runCase" tests="1" failures="0" timestamp="8 May 2020 12:01:03 GMT" time="2202.994" errors="0">
  <testcase name="run" time="2202.994" classname="com.haoyun.automationtesting.test.aadomain.runCase"/>
</testsuite> <!-- com.haoyun.automationtesting.test.aadomain.runCase -->
