<?xml version="1.0" encoding="UTF-8"?>
<!-- Generated by org.testng.reporters.JUnitReportReporter -->
<testsuite hostname="admin-PC" name="com.nantian.automationtesting.test.ccb.testcase.ZHCX" tests="1" failures="0" timestamp="19 Jul 2017 00:40:12 GMT" time="0.604" errors="0">
  <testcase name="testcase" time="0.604" classname="com.nantian.automationtesting.test.ccb.testcase.ZHCX"/>
</testsuite> <!-- com.nantian.automationtesting.test.ccb.testcase.ZHCX -->
