<?xml version="1.0" encoding="UTF-8"?>
<!-- Generated by org.testng.reporters.JUnitReportReporter -->
<testsuite hostname="20190320-142839" name="com.haoyun.automationtesting.test.aadomain.AutoSeleniumIDEToCode" tests="1" failures="0" timestamp="11 Jun 2019 09:48:14 GMT" time="5.561" errors="0">
  <testcase name="zhu" time="5.561" classname="com.haoyun.automationtesting.test.aadomain.AutoSeleniumIDEToCode"/>
</testsuite> <!-- com.haoyun.automationtesting.test.aadomain.AutoSeleniumIDEToCode -->
