<?xml version="1.0" encoding="UTF-8"?>
<!-- Generated by org.testng.reporters.JUnitReportReporter -->
<testsuite hostname="20190320-142839" name="com.haoyun.automationtesting.framework.device.ybdevice.Demo" tests="1" failures="0" timestamp="12 May 2020 07:14:22 GMT" time="5.022" errors="0">
  <testcase name="YBdemo" time="5.022" classname="com.haoyun.automationtesting.framework.device.ybdevice.Demo"/>
</testsuite> <!-- com.haoyun.automationtesting.framework.device.ybdevice.Demo -->
