<?xml version="1.0" encoding="UTF-8"?>
<!-- Generated by org.testng.reporters.JUnitReportReporter -->
<testsuite hostname="20190320-142839" name="com.haoyun.automationtesting.framework.CacheDataTest" tests="1" failures="0" timestamp="18 May 2020 02:01:14 GMT" time="0.061" errors="0">
  <testcase name="writeExcel" time="0.061" classname="com.haoyun.automationtesting.framework.CacheDataTest"/>
</testsuite> <!-- com.haoyun.automationtesting.framework.CacheDataTest -->
