<?xml version="1.0" encoding="UTF-8"?>
<!-- Generated by org.testng.reporters.JUnitReportReporter -->
<testsuite hostname="20190320-142839" name="com.haoyun.automationtesting.interfaces.YBdevices.ybdevice.YBRun" tests="1" failures="0" timestamp="13 May 2020 01:52:12 GMT" time="5.039" errors="0">
  <testcase name="YBdemo" time="5.039" classname="com.haoyun.automationtesting.interfaces.YBdevices.ybdevice.YBRun"/>
</testsuite> <!-- com.haoyun.automationtesting.interfaces.YBdevices.ybdevice.YBRun -->
