<?xml version="1.0" encoding="UTF-8"?>
<!-- Generated by org.testng.reporters.JUnitReportReporter -->
<testsuite hostname="20190320-142839" name="com.haoyun.automationtesting.framework.ExcelOperate" tests="1" failures="0" timestamp="30 Apr 2020 06:27:51 GMT" time="0.730" errors="0">
  <testcase name="cellexcel_main" time="0.730" classname="com.haoyun.automationtesting.framework.ExcelOperate"/>
</testsuite> <!-- com.haoyun.automationtesting.framework.ExcelOperate -->
