<?xml version="1.0" encoding="UTF-8"?>
<!-- Generated by org.testng.reporters.JUnitReportReporter -->
<testsuite hostname="USERCHI-QV8DHB8" name="com.nantian.automationtesting.test.中文.test_0002" tests="1" failures="0" timestamp="19 Dec 2017 02:08:52 GMT" time="7.302" errors="0">
  <testcase name="testcase" time="7.302" classname="com.nantian.automationtesting.test.中文.test_0002"/>
</testsuite> <!-- com.nantian.automationtesting.test.中文.test_0002 -->
