<?xml version="1.0" encoding="UTF-8"?>
<!-- Generated by org.testng.reporters.JUnitReportReporter -->
<testsuite hostname="qkh-PC" name="com.haoyun.automationtesting.test.aadomain.RunSelectCase_thread2" tests="1" failures="0" timestamp="3 Nov 2020 07:02:17 GMT" time="22.011" errors="0">
  <testcase name="run" time="22.011" classname="com.haoyun.automationtesting.test.aadomain.RunSelectCase_thread2"/>
</testsuite> <!-- com.haoyun.automationtesting.test.aadomain.RunSelectCase_thread2 -->
