<?xml version="1.0" encoding="UTF-8"?>
<!-- Generated by org.testng.reporters.JUnitReportReporter -->
<testsuite hostname="20190320-142839" name="com.haoyun.automationtesting.interfaces.YBdevices.ybdevice.YBDeviceRun2" tests="1" failures="0" timestamp="14 May 2020 00:55:50 GMT" time="5.038" errors="0">
  <testcase name="run" time="5.038" classname="com.haoyun.automationtesting.interfaces.YBdevices.ybdevice.YBDeviceRun2"/>
</testsuite> <!-- com.haoyun.automationtesting.interfaces.YBdevices.ybdevice.YBDeviceRun2 -->
