<?xml version="1.0" encoding="UTF-8"?>
<!-- Generated by org.testng.reporters.JUnitReportReporter -->
<testsuite hostname="20190320-142839" name="com.haoyun.automationtesting.test.aadomain.AutoUIrecorderToCode" tests="1" failures="0" timestamp="4 Jun 2019 04:07:19 GMT" time="10.118" errors="0">
  <testcase name="zhu" time="10.118" classname="com.haoyun.automationtesting.test.aadomain.AutoUIrecorderToCode"/>
</testsuite> <!-- com.haoyun.automationtesting.test.aadomain.AutoUIrecorderToCode -->
