<?xml version="1.0" encoding="UTF-8"?>
<!-- Generated by org.testng.reporters.JUnitReportReporter -->
<testsuite hostname="20190320-142839" name="com.haoyun.automationtesting.test.aadomain.AutoExtImortCodeStart" tests="1" failures="0" timestamp="28 May 2019 03:48:12 GMT" time="4.593" errors="0">
  <testcase name="zhu" time="4.593" classname="com.haoyun.automationtesting.test.aadomain.AutoExtImortCodeStart"/>
</testsuite> <!-- com.haoyun.automationtesting.test.aadomain.AutoExtImortCodeStart -->
