<?xml version="1.0" encoding="UTF-8"?>
<!-- Generated by org.testng.reporters.JUnitReportReporter -->
<testsuite hostname="20190320-142839" name="com.haoyun.automationtesting.test.h010机构管理.H010_0010" tests="1" failures="0" timestamp="23 Apr 2020 01:48:57 GMT" time="2.525" errors="0">
  <testcase name="testcase" time="2.525" classname="com.haoyun.automationtesting.test.h010机构管理.H010_0010"/>
</testsuite> <!-- com.haoyun.automationtesting.test.h010机构管理.H010_0010 -->
