<?xml version="1.0" encoding="UTF-8"?>
<!-- Generated by org.testng.reporters.JUnitReportReporter -->
<testsuite hostname="admin-PC" name="com.nantian.automationtesting.framework.RemoteFTP" tests="1" failures="0" timestamp="7 Sep 2017 09:26:10 GMT" time="1.048" errors="0">
  <testcase name="testFavFTPUtil" time="1.048" classname="com.nantian.automationtesting.framework.RemoteFTP"/>
</testsuite> <!-- com.nantian.automationtesting.framework.RemoteFTP -->
