<?xml version="1.0" encoding="UTF-8"?>
<!-- Generated by org.testng.reporters.JUnitReportReporter -->
<testsuite hostname="20190320-142839" name="com.nantian.automationtesting.test.aadomain.mainStart" tests="1" failures="0" timestamp="30 Apr 2019 07:49:55 GMT" time="39.647" errors="0">
  <testcase name="main" time="39.647" classname="com.nantian.automationtesting.test.aadomain.mainStart"/>
</testsuite> <!-- com.nantian.automationtesting.test.aadomain.mainStart -->
