<?xml version="1.0" encoding="UTF-8"?>
<!-- Generated by org.testng.reporters.JUnitReportReporter -->
<testsuite hostname="qkh-PC" name="com.haoyun.automationtesting.framework.AutoJSCode" tests="1" failures="0" timestamp="3 Nov 2020 07:02:17 GMT" time="3288.513" errors="0">
  <testcase name="run" time="3288.513" classname="com.haoyun.automationtesting.framework.AutoJSCode"/>
</testsuite> <!-- com.haoyun.automationtesting.framework.AutoJSCode -->
