<?xml version="1.0" encoding="UTF-8"?>
<!-- Generated by org.testng.reporters.JUnitReportReporter -->
<testsuite hostname="DESKTOP-LPEADVR" name="com.nantian.automationtesting.test.aadomain.MainStartInterface" tests="1" failures="0" timestamp="13 Sep 2018 02:01:32 GMT" time="1.235" errors="0">
  <testcase name="main" time="1.235" classname="com.nantian.automationtesting.test.aadomain.MainStartInterface"/>
</testsuite> <!-- com.nantian.automationtesting.test.aadomain.MainStartInterface -->
