<?xml version="1.0" encoding="UTF-8"?>
<!-- Generated by org.testng.reporters.JUnitReportReporter -->
<testsuite hostname="qkh-PC" name="com.haoyun.automationtesting.framework.AutoCode" tests="1" failures="0" timestamp="3 Nov 2020 07:02:17 GMT" time="0.003" errors="0">
  <testcase name="Run" time="0.003" classname="com.haoyun.automationtesting.framework.AutoCode"/>
</testsuite> <!-- com.haoyun.automationtesting.framework.AutoCode -->
