<?xml version="1.0" encoding="UTF-8"?>
<!-- Generated by org.testng.reporters.JUnitReportReporter -->
<testsuite hostname="20190320-142839" name="com.haoyun.automationtesting.test.aadomain.MainStartInterface" tests="1" failures="0" timestamp="15 Jul 2019 10:05:49 GMT" time="1.881" errors="0">
  <testcase name="main" time="1.881" classname="com.haoyun.automationtesting.test.aadomain.MainStartInterface"/>
</testsuite> <!-- com.haoyun.automationtesting.test.aadomain.MainStartInterface -->
