<?xml version="1.0" encoding="UTF-8"?>
<!-- Generated by org.testng.reporters.JUnitReportReporter -->
<testsuite hostname="admin-PC" name="com.nantian.automationtesting.test.ccb.domain.MainDebug" tests="1" failures="0" timestamp="3 Aug 2017 03:09:56 GMT" time="0.335" errors="0">
  <testcase name="zhu" time="0.335" classname="com.nantian.automationtesting.test.ccb.domain.MainDebug"/>
</testsuite> <!-- com.nantian.automationtesting.test.ccb.domain.MainDebug -->
