<?xml version="1.0" encoding="UTF-8"?>
<!-- Generated by org.testng.reporters.JUnitReportReporter -->
<testsuite hostname="20190320-142839" name="com.haoyun.automationtesting.interfaces.YBdevices.ybdevice.test1" tests="1" failures="0" timestamp="13 May 2020 08:03:42 GMT" time="10.012" errors="0">
  <testcase name="YBDeviceAlarm" time="10.012" classname="com.haoyun.automationtesting.interfaces.YBdevices.ybdevice.test1"/>
</testsuite> <!-- com.haoyun.automationtesting.interfaces.YBdevices.ybdevice.test1 -->
