<?xml version="1.0" encoding="UTF-8"?>
<!-- Generated by org.testng.reporters.JUnitReportReporter -->
<testsuite hostname="20190320-142839" name="com.haoyun.automationtesting.test.aadomain.CaseToCode" tests="1" failures="0" timestamp="7 Nov 2019 04:10:47 GMT" time="5.592" errors="0">
  <testcase name="zhu" time="5.592" classname="com.haoyun.automationtesting.test.aadomain.CaseToCode"/>
</testsuite> <!-- com.haoyun.automationtesting.test.aadomain.CaseToCode -->
