<?xml version="1.0" encoding="UTF-8"?>
<!-- Generated by org.testng.reporters.JUnitReportReporter -->
<testsuite hostname="qkh-PC" name="com.haoyun.automationtesting.test.aadomain.CodeToCase" tests="1" failures="0" timestamp="3 Nov 2020 07:02:17 GMT" time="3.111" errors="0">
  <testcase name="zhu" time="3.111" classname="com.haoyun.automationtesting.test.aadomain.CodeToCase"/>
</testsuite> <!-- com.haoyun.automationtesting.test.aadomain.CodeToCase -->
