<?xml version="1.0" encoding="UTF-8"?>
<!-- Generated by org.testng.reporters.JUnitReportReporter -->
<testsuite hostname="20190320-142839" name="com.haoyun.automationtesting.framework.AutoExtImportCode" tests="1" failures="0" timestamp="23 May 2019 10:04:53 GMT" time="0.144" errors="0">
  <testcase name="run" time="0.144" classname="com.haoyun.automationtesting.framework.AutoExtImportCode"/>
</testsuite> <!-- com.haoyun.automationtesting.framework.AutoExtImportCode -->
