<?xml version="1.0" encoding="UTF-8"?>
<!-- Generated by org.testng.reporters.JUnitReportReporter -->
<testsuite hostname="qkh-PC" name="com.haoyun.automationtesting.test.aadomain.MainDebug" tests="1" failures="0" timestamp="3 Nov 2020 07:02:17 GMT" time="5.173" errors="0">
  <testcase name="zhu" time="5.173" classname="com.haoyun.automationtesting.test.aadomain.MainDebug"/>
</testsuite> <!-- com.haoyun.automationtesting.test.aadomain.MainDebug -->
