<?xml version="1.0" encoding="UTF-8"?>
<!-- Generated by org.testng.reporters.JUnitReportReporter -->
<testsuite hostname="qkh-PC" name="com.haoyun.automationtesting.interfaces.YBdevices.ybdevice.YBDeviceRunCall" tests="1" failures="0" timestamp="3 Nov 2020 07:02:17 GMT" time="21.011" errors="0">
  <testcase name="runtest" time="21.011" classname="com.haoyun.automationtesting.interfaces.YBdevices.ybdevice.YBDeviceRunCall"/>
</testsuite> <!-- com.haoyun.automationtesting.interfaces.YBdevices.ybdevice.YBDeviceRunCall -->
