<?xml version="1.0" encoding="UTF-8"?>
<!-- Generated by org.testng.reporters.JUnitReportReporter -->
<testsuite hostname="qkh-PC" name="com.haoyun.automationtesting.test.aadomain.MainStart" tests="1" failures="0" timestamp="3 Nov 2020 07:02:17 GMT" time="0.141" errors="0">
  <testcase name="main" time="0.141" classname="com.haoyun.automationtesting.test.aadomain.MainStart"/>
</testsuite> <!-- com.haoyun.automationtesting.test.aadomain.MainStart -->
