<?xml version="1.0" encoding="UTF-8"?>
<!-- Generated by org.testng.reporters.JUnitReportReporter -->
<testsuite hostname="admin-PC" name="com.nantian.automationtesting.framework.NetTelnet" tests="1" failures="0" timestamp="6 Sep 2017 01:59:09 GMT" time="1.971" errors="0">
  <testcase name="main" time="1.971" classname="com.nantian.automationtesting.framework.NetTelnet"/>
</testsuite> <!-- com.nantian.automationtesting.framework.NetTelnet -->
