<?xml version="1.0" encoding="UTF-8"?>
<!-- Generated by org.testng.reporters.JUnitReportReporter -->
<testsuite hostname="20190320-142839" name="com.nantian.automationtesting.test.aadomain.MainDebug" tests="1" failures="0" timestamp="30 Apr 2019 03:17:35 GMT" time="30.712" errors="0">
  <testcase name="zhu" time="30.712" classname="com.nantian.automationtesting.test.aadomain.MainDebug"/>
</testsuite> <!-- com.nantian.automationtesting.test.aadomain.MainDebug -->
