<?xml version="1.0" encoding="UTF-8"?>
<!-- Generated by org.testng.reporters.JUnitReportReporter -->
<testsuite hostname="20190320-142839" name="com.haoyun.automationtesting.test.aadomain.CacheDataTest" tests="4" failures="0" timestamp="15 May 2020 08:44:05 GMT" time="0.049" errors="0">
  <testcase name="run" time="0.011" classname="com.haoyun.automationtesting.test.aadomain.CacheDataTest"/>
  <testcase name="run" time="0.015" classname="com.haoyun.automationtesting.test.aadomain.CacheDataTest"/>
  <testcase name="run" time="0.013" classname="com.haoyun.automationtesting.test.aadomain.CacheDataTest"/>
  <testcase name="run" time="0.010" classname="com.haoyun.automationtesting.test.aadomain.CacheDataTest"/>
</testsuite> <!-- com.haoyun.automationtesting.test.aadomain.CacheDataTest -->
