<?xml version="1.0" encoding="UTF-8"?>
<!-- Generated by org.testng.reporters.JUnitReportReporter -->
<testsuite hostname="qkh-PC" name="com.haoyun.automationtesting.framework.RemoteFTP" tests="1" failures="0" timestamp="3 Nov 2020 07:02:17 GMT" time="21.097" errors="0">
  <testcase name="testFavFTPUtil" time="21.097" classname="com.haoyun.automationtesting.framework.RemoteFTP"/>
</testsuite> <!-- com.haoyun.automationtesting.framework.RemoteFTP -->
