<?xml version="1.0" encoding="UTF-8"?>
<!-- Generated by org.testng.reporters.JUnitReportReporter -->
<testsuite hostname="admin-PC" name="com.nantian.automationtesting.test.domain.mainStart" tests="1" failures="0" timestamp="4 Aug 2017 03:31:49 GMT" time="118.075" errors="0">
  <testcase name="main" time="118.075" classname="com.nantian.automationtesting.test.domain.mainStart"/>
</testsuite> <!-- com.nantian.automationtesting.test.domain.mainStart -->
