<?xml version="1.0" encoding="UTF-8"?>
<!-- Generated by org.testng.reporters.JUnitReportReporter -->
<testsuite hostname="20190320-142839" name="com.haoyun.automationtesting.framework.device.ybdevice.YBRun" tests="1" failures="0" timestamp="12 May 2020 12:42:59 GMT" time="5.041" errors="0">
  <testcase name="YBdemo" time="5.041" classname="com.haoyun.automationtesting.framework.device.ybdevice.YBRun"/>
</testsuite> <!-- com.haoyun.automationtesting.framework.device.ybdevice.YBRun -->
