<?xml version="1.0" encoding="UTF-8"?>
<!-- Generated by org.testng.reporters.JUnitReportReporter -->
<testsuite hostname="20190320-142839" name="com.haoyun.automationtesting.interfaces.NettyClient" tests="1" failures="0" timestamp="13 May 2020 03:35:00 GMT" time="0.493" errors="0">
  <testcase name="tcpRun" time="0.493" classname="com.haoyun.automationtesting.interfaces.NettyClient"/>
</testsuite> <!-- com.haoyun.automationtesting.interfaces.NettyClient -->
