<?xml version="1.0" encoding="UTF-8"?>
<!-- Generated by org.testng.reporters.JUnitReportReporter -->
<testsuite hostname="admin-PC" name="com.nantian.automationtesting.framework.NetTelnetNew" tests="1" failures="0" timestamp="6 Sep 2017 03:11:15 GMT" time="0.956" errors="0">
  <testcase name="main" time="0.956" classname="com.nantian.automationtesting.framework.NetTelnetNew"/>
</testsuite> <!-- com.nantian.automationtesting.framework.NetTelnetNew -->
